2-D Truss analysis
------------------

Date: 21-Oct-2018 19:00:42

Input file: AM3.inp

Joints:         Joint-id  x-coordinate y-coordinate
                1         0.00         0.00
                2        24.00         0.00
                3         0.00        11.00
                4        24.00        11.00
                5         0.00         5.50
                6        12.00         5.50
                7        24.00         5.50
                8        12.00         0.00
                9        12.00        11.00


External loads: Joint-id  Force-x      Force-y
                1         0.00         0.00

Bars:           Bar-id    Joint-i      Joint-j     Force    (T,C)
                1         3            9           0.000     (C)
                2         9            4           0.000     (C)
                3         4            2           0.000     (C)
                4         2            8           0.000     (C)
                5         8            1           0.000     (C)
                6         1            3           0.000     (C)
                7         3            5           0.000     (C)
                8         5            1           0.000     (C)
                9         9            6           0.000     (C)
               10         6            8           0.000     (C)
               11         4            7           0.000     (C)
               12         7            2           0.000     (C)
               13         9            8           0.000     (C)
               14         3            6           0.000     (C)
               15         7            8           0.000     (C)
               16         8            5           0.000     (C)
               17         1            9           0.000     (C)
               18         9            2           0.000     (C)
               19         5            6           0.000     (C)
               20         6            7           0.000     (C)
               21         6            4           0.000     (C)

Reactions:      Joint-id  Uvec-x       Uvec-y      Force
                1         0.10         0.10        0.000
                1         0.71        -0.71       -0.000
                2         0.00         0.00        0.000
                3         0.00         0.00       -0.000
                3         0.71        -0.71       -0.000
                4         0.10         0.10        0.000
